2019-02-24 15:31:15,644 p=23338 u=zone3000 |   [WARNING]: Could not match supplied host pattern, ignoring: configure_nginx.yml

2019-02-24 15:31:15,644 p=23338 u=zone3000 |   [WARNING]: No hosts matched, nothing to do

2019-02-24 15:31:15,647 p=23338 u=zone3000 |  ERROR! No argument passed to command module (did you mean to run ansible-playbook?)
2019-02-24 15:31:29,305 p=23373 u=zone3000 |  playbook: configure_nginx.yml
2019-02-24 15:31:42,228 p=23389 u=zone3000 |  ERROR! Syntax Error while loading YAML.
  could not find expected ':'

The error appears to have been in '/home/zone3000/PycharmProjects/nginx/configure_nginx.yml': line 9, column 1, but may
be elsewhere in the file depending on the exact syntax problem.

(specified line no longer in file, maybe it changed?)
2019-02-24 17:13:23,908 p=30391 u=zone3000 |  playbook: configure_nginx.yml
2019-02-24 17:13:23,908 p=30391 u=zone3000 |    play #1 (nginx): CONFIGURE NGINX	TAGS: []
    pattern: [u'nginx']
    hosts (1):
      nginx
2019-02-24 17:13:23,915 p=30391 u=zone3000 |      tasks:
      nginx_role : INCLUDE {{ ansible_os_family }} OS VARIABLES	TAGS: []
      nginx_role : CHECK IF EPEL REPO IS ALREADY INSTALLED	TAGS: []
      nginx_role : DEBUGGING	TAGS: [check-epel-repos, install-epel-repos]
      nginx_role : INSTALL EPEL REPO	TAGS: []
      nginx_role : DEBUGGING	TAGS: [install-epel-repos]
      nginx_role : UPDATE CACHE	TAGS: [install-epel-repos, update-repos-cache]
      nginx_role : INSTALL NGINX	TAGS: []
      nginx_role : DEBUGGING	TAGS: [install-nginx]
      nginx_role : ENABLE NGINX TO START AT BOOT	TAGS: []
      nginx_role : DEBUGGING	TAGS: [autostart-nginx, install-nginx]
      nginx_role : CHECK NGINX CONFIGURATION FILE	TAGS: [check-orig-config, config-copy]
      nginx_role : BACKUP ORIG CONFIG	TAGS: []
      nginx_role : COPY NGINX CONFIGURATION FILE	TAGS: []
      nginx_role : DEBUGGING	TAGS: [config-copy]
      nginx_role : CHECK SYNTAX NGINX CONFIGURATION	TAGS: []
      nginx_role : DEBUGGING	TAGS: [check-syntax-nginx, config-copy]
      TASK TAGS: [autostart-nginx, check-epel-repos, check-orig-config, check-syntax-nginx, config-copy, install-epel-repos, install-nginx, update-repos-cache]

